Timestamp	Filename	Error	Message
2015-09-25 03:02:52.248 +0900	SAMPLE.fmp12	0	*** Started consistency check of improperly closed file, total of 5387 block(s) to check
2015-09-25 03:02:52.388 +0900	SAMPLE.fmp12	8432	Page 4530 marked free but not in free list
2015-09-25 03:02:52.388 +0900	SAMPLE.fmp12	8432	Page 4531 marked free but not in free list
2015-09-25 03:02:52.404 +0900	SAMPLE.fmp12	8432	Page 4532 marked free but not in free list
2015-09-25 03:02:52.404 +0900	SAMPLE.fmp12	8432	Page 4533 marked free but not in free list
2015-09-25 03:02:52.404 +0900	SAMPLE.fmp12	8432	Page 4534 marked free but not in free list
2015-09-25 03:02:52.404 +0900	SAMPLE.fmp12	8432	Page 4535 marked free but not in free list
2015-09-25 03:02:52.404 +0900	SAMPLE.fmp12	8432	Page 4536 marked free but not in free list
2015-09-25 03:02:52.404 +0900	SAMPLE.fmp12	8432	Page 4537 marked free but not in free list
2015-09-25 03:02:52.404 +0900	SAMPLE.fmp12	8432	Page 4538 marked free but not in free list
2015-09-25 03:02:52.404 +0900	SAMPLE.fmp12	8432	Page 4539 marked free but not in free list
2015-09-25 03:02:52.404 +0900	SAMPLE.fmp12	8432	Page 4540 marked free but not in free list
2015-09-25 03:02:52.404 +0900	SAMPLE.fmp12	8432	Page 4541 marked free but not in free list
2015-09-25 03:02:52.404 +0900	SAMPLE.fmp12	8432	Page 4542 marked free but not in free list
2015-09-25 03:02:52.404 +0900	SAMPLE.fmp12	8432	Page 4543 marked free but not in free list
2015-09-25 03:02:52.404 +0900	SAMPLE.fmp12	8432	Page 4544 marked free but not in free list
2015-09-25 03:02:52.404 +0900	SAMPLE.fmp12	8432	Page 4545 marked free but not in free list
2015-09-25 03:02:52.404 +0900	SAMPLE.fmp12	8432	Page 4546 marked free but not in free list
2015-09-25 03:02:52.404 +0900	SAMPLE.fmp12	8432	Page 4547 marked free but not in free list
2015-09-25 03:02:52.404 +0900	SAMPLE.fmp12	8432	Page 4548 marked free but not in free list
2015-09-25 03:02:52.404 +0900	SAMPLE.fmp12	8432	Page 4549 marked free but not in free list
2015-09-25 03:02:52.404 +0900	SAMPLE.fmp12	8432	Page 4550 marked free but not in free list
2015-09-25 03:02:52.404 +0900	SAMPLE.fmp12	8432	Page 4551 marked free but not in free list
2015-09-25 03:02:52.404 +0900	SAMPLE.fmp12	8432	Page 4553 marked free but not in free list
2015-09-25 03:02:52.404 +0900	SAMPLE.fmp12	8432	Page 4554 marked free but not in free list
2015-09-25 03:02:52.404 +0900	SAMPLE.fmp12	8432	Page 4555 marked free but not in free list
2015-09-25 03:02:52.404 +0900	SAMPLE.fmp12	8432	Page 4556 marked free but not in free list
2015-09-25 03:02:52.404 +0900	SAMPLE.fmp12	8432	Page 4557 marked free but not in free list
2015-09-25 03:02:52.404 +0900	SAMPLE.fmp12	8432	Page 4558 marked free but not in free list
2015-09-25 03:02:52.404 +0900	SAMPLE.fmp12	8432	Page 4559 marked free but not in free list
2015-09-25 03:02:52.404 +0900	SAMPLE.fmp12	8432	Page 4560 marked free but not in free list
2015-09-25 03:02:52.404 +0900	SAMPLE.fmp12	8432	Page 4561 marked free but not in free list
2015-09-25 03:02:52.404 +0900	SAMPLE.fmp12	8432	Page 4562 marked free but not in free list
2015-09-25 03:02:52.404 +0900	SAMPLE.fmp12	8432	Page 4563 marked free but not in free list
2015-09-25 03:02:52.404 +0900	SAMPLE.fmp12	8432	Page 4564 marked free but not in free list
2015-09-25 03:02:52.404 +0900	SAMPLE.fmp12	8432	Page 4565 marked free but not in free list
2015-09-25 03:02:52.404 +0900	SAMPLE.fmp12	8432	Page 4566 marked free but not in free list
2015-09-25 03:02:52.404 +0900	SAMPLE.fmp12	8432	Page 4567 marked free but not in free list
2015-09-25 03:02:52.404 +0900	SAMPLE.fmp12	8432	Page 4568 marked free but not in free list
2015-09-25 03:02:52.404 +0900	SAMPLE.fmp12	8432	Page 4569 marked free but not in free list
2015-09-25 03:02:52.404 +0900	SAMPLE.fmp12	8432	Page 4570 marked free but not in free list
2015-09-25 03:02:52.404 +0900	SAMPLE.fmp12	8432	Page 4571 marked free but not in free list
2015-09-25 03:02:52.404 +0900	SAMPLE.fmp12	8432	Page 4572 marked free but not in free list
2015-09-25 03:02:52.404 +0900	SAMPLE.fmp12	8432	Page 4573 marked free but not in free list
2015-09-25 03:02:52.404 +0900	SAMPLE.fmp12	8432	Page 4574 marked free but not in free list
2015-09-25 03:02:52.404 +0900	SAMPLE.fmp12	8432	Page 4575 marked free but not in free list
2015-09-25 03:02:52.404 +0900	SAMPLE.fmp12	8432	Page 4576 marked free but not in free list
2015-09-25 03:02:52.404 +0900	SAMPLE.fmp12	8432	Page 4577 marked free but not in free list
2015-09-25 03:02:52.404 +0900	SAMPLE.fmp12	8432	Page 4578 marked free but not in free list
2015-09-25 03:02:52.404 +0900	SAMPLE.fmp12	8432	Page 4579 marked free but not in free list
2015-09-25 03:02:52.404 +0900	SAMPLE.fmp12	8432	Page 4580 marked free but not in free list
2015-09-25 03:02:52.404 +0900	SAMPLE.fmp12	8432	Page 4581 marked free but not in free list
2015-09-25 03:02:52.404 +0900	SAMPLE.fmp12	8432	Page 4582 marked free but not in free list
2015-09-25 03:02:52.404 +0900	SAMPLE.fmp12	8432	Page 4583 marked free but not in free list
2015-09-25 03:02:52.404 +0900	SAMPLE.fmp12	8432	Page 4584 marked free but not in free list
2015-09-25 03:02:52.404 +0900	SAMPLE.fmp12	8432	Page 4585 marked free but not in free list
2015-09-25 03:02:52.404 +0900	SAMPLE.fmp12	8432	Page 4586 marked free but not in free list
2015-09-25 03:02:52.404 +0900	SAMPLE.fmp12	8432	Page 4587 marked free but not in free list
2015-09-25 03:02:52.404 +0900	SAMPLE.fmp12	8432	Page 4588 marked free but not in free list
2015-09-25 03:02:52.404 +0900	SAMPLE.fmp12	8432	Page 4589 marked free but not in free list
2015-09-25 03:02:52.404 +0900	SAMPLE.fmp12	8432	Page 4590 marked free but not in free list
2015-09-25 03:02:52.404 +0900	SAMPLE.fmp12	8432	Page 4591 marked free but not in free list
2015-09-25 03:02:52.404 +0900	SAMPLE.fmp12	8432	Page 4592 marked free but not in free list
2015-09-25 03:02:52.404 +0900	SAMPLE.fmp12	8432	Page 4593 marked free but not in free list
2015-09-25 03:02:52.404 +0900	SAMPLE.fmp12	8432	Page 4594 marked free but not in free list
2015-09-25 03:02:52.404 +0900	SAMPLE.fmp12	8432	Page 4595 marked free but not in free list
2015-09-25 03:02:52.404 +0900	SAMPLE.fmp12	8432	Page 4596 marked free but not in free list
2015-09-25 03:02:52.404 +0900	SAMPLE.fmp12	8432	Page 4597 marked free but not in free list
2015-09-25 03:02:52.404 +0900	SAMPLE.fmp12	8432	Page 4598 marked free but not in free list
2015-09-25 03:02:52.404 +0900	SAMPLE.fmp12	8432	Page 4599 marked free but not in free list
2015-09-25 03:02:52.404 +0900	SAMPLE.fmp12	8432	Page 4600 marked free but not in free list
2015-09-25 03:02:52.404 +0900	SAMPLE.fmp12	8432	Page 4601 marked free but not in free list
2015-09-25 03:02:52.404 +0900	SAMPLE.fmp12	8432	Page 4602 marked free but not in free list
2015-09-25 03:02:52.404 +0900	SAMPLE.fmp12	8432	Page 4603 marked free but not in free list
2015-09-25 03:02:52.404 +0900	SAMPLE.fmp12	8432	Page 4604 marked free but not in free list
2015-09-25 03:02:52.404 +0900	SAMPLE.fmp12	8432	Page 4605 marked free but not in free list
2015-09-25 03:02:52.404 +0900	SAMPLE.fmp12	8432	Page 4606 marked free but not in free list
2015-09-25 03:02:52.404 +0900	SAMPLE.fmp12	8432	Page 4607 marked free but not in free list
2015-09-25 03:02:52.404 +0900	SAMPLE.fmp12	8432	Page 4608 marked free but not in free list
2015-09-25 03:02:52.404 +0900	SAMPLE.fmp12	8432	Page 4609 marked free but not in free list
2015-09-25 03:02:52.404 +0900	SAMPLE.fmp12	8432	Page 4610 marked free but not in free list
2015-09-25 03:02:52.404 +0900	SAMPLE.fmp12	8432	Page 4611 marked free but not in free list
2015-09-25 03:02:52.404 +0900	SAMPLE.fmp12	8432	Page 4612 marked free but not in free list
2015-09-25 03:02:52.404 +0900	SAMPLE.fmp12	8432	Page 4613 marked free but not in free list
2015-09-25 03:02:52.404 +0900	SAMPLE.fmp12	8432	Page 4614 marked free but not in free list
2015-09-25 03:02:52.404 +0900	SAMPLE.fmp12	8432	Page 4615 marked free but not in free list
2015-09-25 03:02:52.404 +0900	SAMPLE.fmp12	8432	Page 4616 marked free but not in free list
2015-09-25 03:02:52.404 +0900	SAMPLE.fmp12	8432	Page 4617 marked free but not in free list
2015-09-25 03:02:52.404 +0900	SAMPLE.fmp12	8432	Page 4618 marked free but not in free list
2015-09-25 03:02:52.404 +0900	SAMPLE.fmp12	8432	Page 4619 marked free but not in free list
2015-09-25 03:02:52.404 +0900	SAMPLE.fmp12	8432	Page 4620 marked free but not in free list
2015-09-25 03:02:52.404 +0900	SAMPLE.fmp12	8432	Page 4621 marked free but not in free list
2015-09-25 03:02:52.404 +0900	SAMPLE.fmp12	8432	Page 4622 marked free but not in free list
2015-09-25 03:02:52.404 +0900	SAMPLE.fmp12	8432	Page 4623 marked free but not in free list
2015-09-25 03:02:52.404 +0900	SAMPLE.fmp12	8432	Page 4624 marked free but not in free list
2015-09-25 03:02:52.404 +0900	SAMPLE.fmp12	8432	Page 4625 marked free but not in free list
2015-09-25 03:02:52.404 +0900	SAMPLE.fmp12	8432	Page 4626 marked free but not in free list
2015-09-25 03:02:52.404 +0900	SAMPLE.fmp12	8432	Page 4627 marked free but not in free list
2015-09-25 03:02:52.404 +0900	SAMPLE.fmp12	8432	Page 4628 marked free but not in free list
2015-09-25 03:02:52.404 +0900	SAMPLE.fmp12	8432	Page 4629 marked free but not in free list
2015-09-25 03:02:52.404 +0900	SAMPLE.fmp12	8432	Page 4630 marked free but not in free list
2015-09-25 03:02:52.404 +0900	SAMPLE.fmp12	8432	Page 4631 marked free but not in free list
2015-09-25 03:02:52.404 +0900	SAMPLE.fmp12	8432	Page 4632 marked free but not in free list
2015-09-25 03:02:52.404 +0900	SAMPLE.fmp12	8432	Page 4633 marked free but not in free list
2015-09-25 03:02:52.404 +0900	SAMPLE.fmp12	8432	Page 4635 marked free but not in free list
2015-09-25 03:02:52.404 +0900	SAMPLE.fmp12	8432	Page 4636 marked free but not in free list
2015-09-25 03:02:52.404 +0900	SAMPLE.fmp12	8432	Page 4637 marked free but not in free list
2015-09-25 03:02:52.404 +0900	SAMPLE.fmp12	8432	Page 4638 marked free but not in free list
2015-09-25 03:02:52.404 +0900	SAMPLE.fmp12	8432	Page 4639 marked free but not in free list
2015-09-25 03:02:52.404 +0900	SAMPLE.fmp12	8432	Page 4640 marked free but not in free list
2015-09-25 03:02:52.404 +0900	SAMPLE.fmp12	8432	Page 4641 marked free but not in free list
2015-09-25 03:02:52.404 +0900	SAMPLE.fmp12	8432	Page 4643 marked free but not in free list
2015-09-25 03:02:52.404 +0900	SAMPLE.fmp12	8432	Page 4644 marked free but not in free list
2015-09-25 03:02:52.404 +0900	SAMPLE.fmp12	8432	Page 4645 marked free but not in free list
2015-09-25 03:02:52.404 +0900	SAMPLE.fmp12	8432	Page 4646 marked free but not in free list
2015-09-25 03:02:52.404 +0900	SAMPLE.fmp12	8432	Page 4647 marked free but not in free list
2015-09-25 03:02:52.404 +0900	SAMPLE.fmp12	8432	Page 4648 marked free but not in free list
2015-09-25 03:02:52.404 +0900	SAMPLE.fmp12	8432	Page 4649 marked free but not in free list
2015-09-25 03:02:52.404 +0900	SAMPLE.fmp12	8432	Page 4650 marked free but not in free list
2015-09-25 03:02:52.404 +0900	SAMPLE.fmp12	8432	Page 4651 marked free but not in free list
2015-09-25 03:02:52.404 +0900	SAMPLE.fmp12	8432	Page 4652 marked free but not in free list
2015-09-25 03:02:52.404 +0900	SAMPLE.fmp12	8432	Page 4653 marked free but not in free list
2015-09-25 03:02:52.404 +0900	SAMPLE.fmp12	8432	Page 4654 marked free but not in free list
2015-09-25 03:02:52.404 +0900	SAMPLE.fmp12	8432	Page 4655 marked free but not in free list
2015-09-25 03:02:52.404 +0900	SAMPLE.fmp12	8432	Page 4656 marked free but not in free list
2015-09-25 03:02:52.404 +0900	SAMPLE.fmp12	8432	Page 4657 marked free but not in free list
2015-09-25 03:02:52.404 +0900	SAMPLE.fmp12	8432	Page 4658 marked free but not in free list
2015-09-25 03:02:52.404 +0900	SAMPLE.fmp12	8432	Page 4659 marked free but not in free list
2015-09-25 03:02:52.404 +0900	SAMPLE.fmp12	8432	Page 4660 marked free but not in free list
2015-09-25 03:02:52.404 +0900	SAMPLE.fmp12	8432	Page 4661 marked free but not in free list
2015-09-25 03:02:52.404 +0900	SAMPLE.fmp12	8432	Page 4662 marked free but not in free list
2015-09-25 03:02:52.404 +0900	SAMPLE.fmp12	8432	Page 4663 marked free but not in free list
2015-09-25 03:02:52.404 +0900	SAMPLE.fmp12	8432	Page 4664 marked free but not in free list
2015-09-25 03:02:52.404 +0900	SAMPLE.fmp12	8432	Page 4665 marked free but not in free list
2015-09-25 03:02:52.404 +0900	SAMPLE.fmp12	8432	Page 4666 marked free but not in free list
2015-09-25 03:02:52.404 +0900	SAMPLE.fmp12	8432	Page 4667 marked free but not in free list
2015-09-25 03:02:52.404 +0900	SAMPLE.fmp12	8432	Page 4668 marked free but not in free list
2015-09-25 03:02:52.404 +0900	SAMPLE.fmp12	8432	Page 4669 marked free but not in free list
2015-09-25 03:02:52.404 +0900	SAMPLE.fmp12	8432	Page 4670 marked free but not in free list
2015-09-25 03:02:52.404 +0900	SAMPLE.fmp12	8432	Page 4671 marked free but not in free list
2015-09-25 03:02:52.404 +0900	SAMPLE.fmp12	8432	Page 4672 marked free but not in free list
2015-09-25 03:02:52.404 +0900	SAMPLE.fmp12	8432	Page 4673 marked free but not in free list
2015-09-25 03:02:52.404 +0900	SAMPLE.fmp12	8432	Page 4674 marked free but not in free list
2015-09-25 03:02:52.404 +0900	SAMPLE.fmp12	8432	Page 4675 marked free but not in free list
2015-09-25 03:02:52.404 +0900	SAMPLE.fmp12	8432	Page 5100 marked free but not in free list
2015-09-25 03:02:52.404 +0900	SAMPLE.fmp12	8432	Page 5101 marked free but not in free list
2015-09-25 03:02:52.404 +0900	SAMPLE.fmp12	8432	Page 5102 marked free but not in free list
2015-09-25 03:02:52.404 +0900	SAMPLE.fmp12	8432	Page 5103 marked free but not in free list
2015-09-25 03:02:52.404 +0900	SAMPLE.fmp12	8432	Page 5104 marked free but not in free list
2015-09-25 03:02:52.404 +0900	SAMPLE.fmp12	8432	Page 5105 marked free but not in free list
2015-09-25 03:02:52.420 +0900	SAMPLE.fmp12	8432	Page 5106 marked free but not in free list
2015-09-25 03:02:52.420 +0900	SAMPLE.fmp12	8432	Page 5107 marked free but not in free list
2015-09-25 03:02:52.420 +0900	SAMPLE.fmp12	8432	Page 5108 marked free but not in free list
2015-09-25 03:02:52.420 +0900	SAMPLE.fmp12	8432	Page 5109 marked free but not in free list
2015-09-25 03:02:52.420 +0900	SAMPLE.fmp12	8432	Page 5110 marked free but not in free list
2015-09-25 03:02:52.420 +0900	SAMPLE.fmp12	8432	Page 5111 marked free but not in free list
2015-09-25 03:02:52.420 +0900	SAMPLE.fmp12	8432	Page 5112 marked free but not in free list
2015-09-25 03:02:52.420 +0900	SAMPLE.fmp12	8432	Page 5113 marked free but not in free list
2015-09-25 03:02:52.420 +0900	SAMPLE.fmp12	8432	Page 5114 marked free but not in free list
2015-09-25 03:02:52.420 +0900	SAMPLE.fmp12	8432	Page 5115 marked free but not in free list
2015-09-25 03:02:52.420 +0900	SAMPLE.fmp12	8432	Page 5116 marked free but not in free list
2015-09-25 03:02:52.420 +0900	SAMPLE.fmp12	8432	Page 5117 marked free but not in free list
2015-09-25 03:02:52.420 +0900	SAMPLE.fmp12	8432	Page 5118 marked free but not in free list
2015-09-25 03:02:52.420 +0900	SAMPLE.fmp12	8432	Page 5119 marked free but not in free list
2015-09-25 03:02:52.420 +0900	SAMPLE.fmp12	8432	Page 5120 marked free but not in free list
2015-09-25 03:02:52.420 +0900	SAMPLE.fmp12	8432	Page 5121 marked free but not in free list
2015-09-25 03:02:52.420 +0900	SAMPLE.fmp12	8432	Page 5122 marked free but not in free list
2015-09-25 03:02:52.420 +0900	SAMPLE.fmp12	8432	Page 5123 marked free but not in free list
2015-09-25 03:02:52.420 +0900	SAMPLE.fmp12	8432	Page 5124 marked free but not in free list
2015-09-25 03:02:52.420 +0900	SAMPLE.fmp12	8432	Page 5125 marked free but not in free list
2015-09-25 03:02:52.420 +0900	SAMPLE.fmp12	8432	Page 5126 marked free but not in free list
2015-09-25 03:02:52.420 +0900	SAMPLE.fmp12	8432	Page 5127 marked free but not in free list
2015-09-25 03:02:52.420 +0900	SAMPLE.fmp12	8432	Page 5128 marked free but not in free list
2015-09-25 03:02:52.420 +0900	SAMPLE.fmp12	8432	Page 5129 marked free but not in free list
2015-09-25 03:02:52.420 +0900	SAMPLE.fmp12	8432	Page 5130 marked free but not in free list
2015-09-25 03:02:52.420 +0900	SAMPLE.fmp12	8432	Page 5131 marked free but not in free list
2015-09-25 03:02:52.420 +0900	SAMPLE.fmp12	8432	Page 5132 marked free but not in free list
2015-09-25 03:02:52.420 +0900	SAMPLE.fmp12	8432	Page 5133 marked free but not in free list
2015-09-25 03:02:52.420 +0900	SAMPLE.fmp12	8432	Page 5134 marked free but not in free list
2015-09-25 03:02:52.420 +0900	SAMPLE.fmp12	8432	Page 5135 marked free but not in free list
2015-09-25 03:02:52.420 +0900	SAMPLE.fmp12	8432	Page 5136 marked free but not in free list
2015-09-25 03:02:52.420 +0900	SAMPLE.fmp12	8432	Page 5137 marked free but not in free list
2015-09-25 03:02:52.420 +0900	SAMPLE.fmp12	8432	Page 5138 marked free but not in free list
2015-09-25 03:02:52.420 +0900	SAMPLE.fmp12	8432	Page 5139 marked free but not in free list
2015-09-25 03:02:52.420 +0900	SAMPLE.fmp12	8432	Page 5140 marked free but not in free list
2015-09-25 03:02:52.420 +0900	SAMPLE.fmp12	8432	Page 5141 marked free but not in free list
2015-09-25 03:02:52.420 +0900	SAMPLE.fmp12	8432	Page 5142 marked free but not in free list
2015-09-25 03:02:52.420 +0900	SAMPLE.fmp12	8432	Page 5143 marked free but not in free list
2015-09-25 03:02:52.420 +0900	SAMPLE.fmp12	8432	Page 5144 marked free but not in free list
2015-09-25 03:02:52.420 +0900	SAMPLE.fmp12	8432	Page 5145 marked free but not in free list
2015-09-25 03:02:52.420 +0900	SAMPLE.fmp12	8432	Page 5146 marked free but not in free list
2015-09-25 03:02:52.420 +0900	SAMPLE.fmp12	8432	Page 5147 marked free but not in free list
2015-09-25 03:02:52.420 +0900	SAMPLE.fmp12	8432	Page 5148 marked free but not in free list
2015-09-25 03:02:52.420 +0900	SAMPLE.fmp12	8432	Page 5149 marked free but not in free list
2015-09-25 03:02:52.420 +0900	SAMPLE.fmp12	8432	Page 5150 marked free but not in free list
2015-09-25 03:02:52.420 +0900	SAMPLE.fmp12	8432	Page 5151 marked free but not in free list
2015-09-25 03:02:52.420 +0900	SAMPLE.fmp12	8432	Page 5152 marked free but not in free list
2015-09-25 03:02:52.420 +0900	SAMPLE.fmp12	8432	Page 5153 marked free but not in free list
2015-09-25 03:02:52.420 +0900	SAMPLE.fmp12	8432	Page 5154 marked free but not in free list
2015-09-25 03:02:52.420 +0900	SAMPLE.fmp12	8432	Page 5155 marked free but not in free list
2015-09-25 03:02:52.420 +0900	SAMPLE.fmp12	8432	Page 5156 marked free but not in free list
2015-09-25 03:02:52.420 +0900	SAMPLE.fmp12	8432	Page 5157 marked free but not in free list
2015-09-25 03:02:52.420 +0900	SAMPLE.fmp12	8432	Page 5158 marked free but not in free list
2015-09-25 03:02:52.420 +0900	SAMPLE.fmp12	8432	Page 5159 marked free but not in free list
2015-09-25 03:02:52.420 +0900	SAMPLE.fmp12	8432	Page 5160 marked free but not in free list
2015-09-25 03:02:52.420 +0900	SAMPLE.fmp12	8432	Page 5161 marked free but not in free list
2015-09-25 03:02:52.420 +0900	SAMPLE.fmp12	8432	Page 5162 marked free but not in free list
2015-09-25 03:02:52.420 +0900	SAMPLE.fmp12	8432	Page 5163 marked free but not in free list
2015-09-25 03:02:52.420 +0900	SAMPLE.fmp12	8432	Page 5164 marked free but not in free list
2015-09-25 03:02:52.420 +0900	SAMPLE.fmp12	8432	Page 5165 marked free but not in free list
2015-09-25 03:02:52.420 +0900	SAMPLE.fmp12	8432	Page 5166 marked free but not in free list
2015-09-25 03:02:52.420 +0900	SAMPLE.fmp12	8432	Page 5167 marked free but not in free list
2015-09-25 03:02:52.420 +0900	SAMPLE.fmp12	8432	Page 5168 marked free but not in free list
2015-09-25 03:02:52.420 +0900	SAMPLE.fmp12	8432	Page 5169 marked free but not in free list
2015-09-25 03:02:52.420 +0900	SAMPLE.fmp12	8432	Page 5170 marked free but not in free list
2015-09-25 03:02:52.420 +0900	SAMPLE.fmp12	8432	Page 5171 marked free but not in free list
2015-09-25 03:02:52.420 +0900	SAMPLE.fmp12	8432	Page 5172 marked free but not in free list
2015-09-25 03:02:52.420 +0900	SAMPLE.fmp12	8432	Page 5173 marked free but not in free list
2015-09-25 03:02:52.420 +0900	SAMPLE.fmp12	8432	Page 5174 marked free but not in free list
2015-09-25 03:02:52.420 +0900	SAMPLE.fmp12	8432	Page 5175 marked free but not in free list
2015-09-25 03:02:52.420 +0900	SAMPLE.fmp12	8432	Page 5176 marked free but not in free list
2015-09-25 03:02:52.420 +0900	SAMPLE.fmp12	8432	Page 5177 marked free but not in free list
2015-09-25 03:02:52.420 +0900	SAMPLE.fmp12	8432	Page 5178 marked free but not in free list
2015-09-25 03:02:52.420 +0900	SAMPLE.fmp12	8432	Page 5179 marked free but not in free list
2015-09-25 03:02:52.420 +0900	SAMPLE.fmp12	8432	Page 5180 marked free but not in free list
2015-09-25 03:02:52.420 +0900	SAMPLE.fmp12	8432	Page 5181 marked free but not in free list
2015-09-25 03:02:52.420 +0900	SAMPLE.fmp12	8432	Page 5182 marked free but not in free list
2015-09-25 03:02:52.420 +0900	SAMPLE.fmp12	8432	Page 5183 marked free but not in free list
2015-09-25 03:02:52.420 +0900	SAMPLE.fmp12	8432	Page 5184 marked free but not in free list
2015-09-25 03:02:52.420 +0900	SAMPLE.fmp12	8432	Page 5185 marked free but not in free list
2015-09-25 03:02:52.420 +0900	SAMPLE.fmp12	8432	Page 5186 marked free but not in free list
2015-09-25 03:02:52.420 +0900	SAMPLE.fmp12	8432	Page 5187 marked free but not in free list
2015-09-25 03:02:52.420 +0900	SAMPLE.fmp12	8432	Page 5188 marked free but not in free list
2015-09-25 03:02:52.420 +0900	SAMPLE.fmp12	8432	Page 5189 marked free but not in free list
2015-09-25 03:02:52.420 +0900	SAMPLE.fmp12	8432	Page 5190 marked free but not in free list
2015-09-25 03:02:52.420 +0900	SAMPLE.fmp12	8432	Page 5191 marked free but not in free list
2015-09-25 03:02:52.420 +0900	SAMPLE.fmp12	8432	Page 5192 marked free but not in free list
2015-09-25 03:02:52.420 +0900	SAMPLE.fmp12	8432	Page 5193 marked free but not in free list
2015-09-25 03:02:52.420 +0900	SAMPLE.fmp12	8432	Page 5194 marked free but not in free list
2015-09-25 03:02:52.420 +0900	SAMPLE.fmp12	8432	Page 5195 marked free but not in free list
2015-09-25 03:02:52.420 +0900	SAMPLE.fmp12	8432	Page 5196 marked free but not in free list
2015-09-25 03:02:52.420 +0900	SAMPLE.fmp12	8432	Page 5197 marked free but not in free list
2015-09-25 03:02:52.420 +0900	SAMPLE.fmp12	8432	Page 5198 marked free but not in free list
2015-09-25 03:02:52.420 +0900	SAMPLE.fmp12	8432	Page 5199 marked free but not in free list
2015-09-25 03:02:52.420 +0900	SAMPLE.fmp12	8432	Page 5200 marked free but not in free list
2015-09-25 03:02:52.420 +0900	SAMPLE.fmp12	8432	Page 5201 marked free but not in free list
2015-09-25 03:02:52.420 +0900	SAMPLE.fmp12	8432	Page 5202 marked free but not in free list
2015-09-25 03:02:52.420 +0900	SAMPLE.fmp12	8432	Page 5203 marked free but not in free list
2015-09-25 03:02:52.420 +0900	SAMPLE.fmp12	8432	Page 5204 marked free but not in free list
2015-09-25 03:02:52.420 +0900	SAMPLE.fmp12	8432	Page 5205 marked free but not in free list
2015-09-25 03:02:52.420 +0900	SAMPLE.fmp12	8432	Page 5206 marked free but not in free list
2015-09-25 03:02:52.420 +0900	SAMPLE.fmp12	8432	Page 5207 marked free but not in free list
2015-09-25 03:02:52.420 +0900	SAMPLE.fmp12	8432	Page 5208 marked free but not in free list
2015-09-25 03:02:52.420 +0900	SAMPLE.fmp12	8432	Page 5209 marked free but not in free list
2015-09-25 03:02:52.420 +0900	SAMPLE.fmp12	8432	Page 5210 marked free but not in free list
2015-09-25 03:02:52.420 +0900	SAMPLE.fmp12	8432	Page 5211 marked free but not in free list
2015-09-25 03:02:52.420 +0900	SAMPLE.fmp12	8432	Page 5212 marked free but not in free list
2015-09-25 03:02:52.420 +0900	SAMPLE.fmp12	8432	Page 5213 marked free but not in free list
2015-09-25 03:02:52.420 +0900	SAMPLE.fmp12	8432	Page 5214 marked free but not in free list
2015-09-25 03:02:52.420 +0900	SAMPLE.fmp12	8432	Page 5215 marked free but not in free list
2015-09-25 03:02:52.420 +0900	SAMPLE.fmp12	8432	Page 5216 marked free but not in free list
2015-09-25 03:02:52.420 +0900	SAMPLE.fmp12	8432	Page 5217 marked free but not in free list
2015-09-25 03:02:52.420 +0900	SAMPLE.fmp12	8432	Page 5218 marked free but not in free list
2015-09-25 03:02:52.420 +0900	SAMPLE.fmp12	8432	Page 5219 marked free but not in free list
2015-09-25 03:02:52.420 +0900	SAMPLE.fmp12	8432	Page 5220 marked free but not in free list
2015-09-25 03:02:52.420 +0900	SAMPLE.fmp12	8432	Page 5221 marked free but not in free list
2015-09-25 03:02:52.420 +0900	SAMPLE.fmp12	8432	Page 5222 marked free but not in free list
2015-09-25 03:02:52.420 +0900	SAMPLE.fmp12	8432	Page 5223 marked free but not in free list
2015-09-25 03:02:52.420 +0900	SAMPLE.fmp12	8432	Page 5224 marked free but not in free list
2015-09-25 03:02:52.420 +0900	SAMPLE.fmp12	8432	Page 5225 marked free but not in free list
2015-09-25 03:02:52.420 +0900	SAMPLE.fmp12	8432	Page 5226 marked free but not in free list
2015-09-25 03:02:52.420 +0900	SAMPLE.fmp12	8432	Page 5227 marked free but not in free list
2015-09-25 03:02:52.420 +0900	SAMPLE.fmp12	8432	Page 5228 marked free but not in free list
2015-09-25 03:02:52.420 +0900	SAMPLE.fmp12	8432	Page 5229 marked free but not in free list
2015-09-25 03:02:52.420 +0900	SAMPLE.fmp12	8432	Page 5230 marked free but not in free list
2015-09-25 03:02:52.420 +0900	SAMPLE.fmp12	8432	Page 5231 marked free but not in free list
2015-09-25 03:02:52.420 +0900	SAMPLE.fmp12	8432	Page 5232 marked free but not in free list
2015-09-25 03:02:52.420 +0900	SAMPLE.fmp12	8432	Page 5233 marked free but not in free list
2015-09-25 03:02:52.420 +0900	SAMPLE.fmp12	8432	Page 5234 marked free but not in free list
2015-09-25 03:02:52.420 +0900	SAMPLE.fmp12	8432	Page 5235 marked free but not in free list
2015-09-25 03:02:52.420 +0900	SAMPLE.fmp12	8432	Page 5236 marked free but not in free list
2015-09-25 03:02:52.420 +0900	SAMPLE.fmp12	8432	Page 5237 marked free but not in free list
2015-09-25 03:02:52.420 +0900	SAMPLE.fmp12	8432	Page 5238 marked free but not in free list
2015-09-25 03:02:52.420 +0900	SAMPLE.fmp12	8432	Page 5239 marked free but not in free list
2015-09-25 03:02:52.420 +0900	SAMPLE.fmp12	8432	Page 5240 marked free but not in free list
2015-09-25 03:02:52.420 +0900	SAMPLE.fmp12	8432	Page 5241 marked free but not in free list
2015-09-25 03:02:52.420 +0900	SAMPLE.fmp12	8432	Page 5242 marked free but not in free list
2015-09-25 03:02:52.420 +0900	SAMPLE.fmp12	8432	Page 5243 marked free but not in free list
2015-09-25 03:02:52.420 +0900	SAMPLE.fmp12	8432	Page 5244 marked free but not in free list
2015-09-25 03:02:52.420 +0900	SAMPLE.fmp12	8432	Page 5245 marked free but not in free list
2015-09-25 03:02:52.420 +0900	SAMPLE.fmp12	8432	Page 5246 marked free but not in free list
2015-09-25 03:02:52.420 +0900	SAMPLE.fmp12	8432	Page 5247 marked free but not in free list
2015-09-25 03:02:52.420 +0900	SAMPLE.fmp12	8432	Page 5248 marked free but not in free list
2015-09-25 03:02:52.420 +0900	SAMPLE.fmp12	8432	Page 5249 marked free but not in free list
2015-09-25 03:02:52.420 +0900	SAMPLE.fmp12	8432	Page 5250 marked free but not in free list
2015-09-25 03:02:52.420 +0900	SAMPLE.fmp12	8432	Page 5251 marked free but not in free list
2015-09-25 03:02:52.420 +0900	SAMPLE.fmp12	8432	Page 5252 marked free but not in free list
2015-09-25 03:02:52.420 +0900	SAMPLE.fmp12	8432	Page 5253 marked free but not in free list
2015-09-25 03:02:52.420 +0900	SAMPLE.fmp12	8432	Page 5254 marked free but not in free list
2015-09-25 03:02:52.420 +0900	SAMPLE.fmp12	8432	Page 5255 marked free but not in free list
2015-09-25 03:02:52.420 +0900	SAMPLE.fmp12	8432	Page 5256 marked free but not in free list
2015-09-25 03:02:52.420 +0900	SAMPLE.fmp12	8432	Page 5257 marked free but not in free list
2015-09-25 03:02:52.420 +0900	SAMPLE.fmp12	8432	Page 5258 marked free but not in free list
2015-09-25 03:02:52.420 +0900	SAMPLE.fmp12	8432	Page 5259 marked free but not in free list
2015-09-25 03:02:52.420 +0900	SAMPLE.fmp12	8432	Page 5260 marked free but not in free list
2015-09-25 03:02:52.420 +0900	SAMPLE.fmp12	8432	Page 5261 marked free but not in free list
2015-09-25 03:02:52.420 +0900	SAMPLE.fmp12	8432	Page 5262 marked free but not in free list
2015-09-25 03:02:52.420 +0900	SAMPLE.fmp12	8432	Page 5263 marked free but not in free list
2015-09-25 03:02:52.420 +0900	SAMPLE.fmp12	8432	Page 5264 marked free but not in free list
2015-09-25 03:02:52.420 +0900	SAMPLE.fmp12	8432	Page 5265 marked free but not in free list
2015-09-25 03:02:52.420 +0900	SAMPLE.fmp12	8432	Page 5266 marked free but not in free list
2015-09-25 03:02:52.420 +0900	SAMPLE.fmp12	8432	Page 5267 marked free but not in free list
2015-09-25 03:02:52.420 +0900	SAMPLE.fmp12	8432	Page 5268 marked free but not in free list
2015-09-25 03:02:52.420 +0900	SAMPLE.fmp12	8432	Page 5269 marked free but not in free list
2015-09-25 03:02:52.420 +0900	SAMPLE.fmp12	8432	Page 5270 marked free but not in free list
2015-09-25 03:02:52.420 +0900	SAMPLE.fmp12	8432	Page 5271 marked free but not in free list
2015-09-25 03:02:52.420 +0900	SAMPLE.fmp12	8432	Page 5272 marked free but not in free list
2015-09-25 03:02:52.420 +0900	SAMPLE.fmp12	8432	Page 5273 marked free but not in free list
2015-09-25 03:02:52.420 +0900	SAMPLE.fmp12	8432	Page 5274 marked free but not in free list
2015-09-25 03:02:52.420 +0900	SAMPLE.fmp12	8432	Page 5275 marked free but not in free list
2015-09-25 03:02:52.420 +0900	SAMPLE.fmp12	8432	Page 5276 marked free but not in free list
2015-09-25 03:02:52.420 +0900	SAMPLE.fmp12	8432	Page 5277 marked free but not in free list
2015-09-25 03:02:52.420 +0900	SAMPLE.fmp12	8432	Page 5278 marked free but not in free list
2015-09-25 03:02:52.420 +0900	SAMPLE.fmp12	8432	Page 5279 marked free but not in free list
2015-09-25 03:02:52.420 +0900	SAMPLE.fmp12	8432	Page 5280 marked free but not in free list
2015-09-25 03:02:52.420 +0900	SAMPLE.fmp12	8432	Page 5281 marked free but not in free list
2015-09-25 03:02:52.420 +0900	SAMPLE.fmp12	8432	Page 5282 marked free but not in free list
2015-09-25 03:02:52.420 +0900	SAMPLE.fmp12	8432	Page 5283 marked free but not in free list
2015-09-25 03:02:52.420 +0900	SAMPLE.fmp12	8432	Page 5284 marked free but not in free list
2015-09-25 03:02:52.420 +0900	SAMPLE.fmp12	8432	Page 5285 marked free but not in free list
2015-09-25 03:02:52.420 +0900	SAMPLE.fmp12	8432	Page 5286 marked free but not in free list
2015-09-25 03:02:52.420 +0900	SAMPLE.fmp12	8432	Page 5287 marked free but not in free list
2015-09-25 03:02:52.420 +0900	SAMPLE.fmp12	8432	Page 5288 marked free but not in free list
2015-09-25 03:02:52.420 +0900	SAMPLE.fmp12	8432	Page 5289 marked free but not in free list
2015-09-25 03:02:52.420 +0900	SAMPLE.fmp12	8432	Page 5290 marked free but not in free list
2015-09-25 03:02:52.420 +0900	SAMPLE.fmp12	8432	Page 5291 marked free but not in free list
2015-09-25 03:02:52.420 +0900	SAMPLE.fmp12	8432	Page 5292 marked free but not in free list
2015-09-25 03:02:52.420 +0900	SAMPLE.fmp12	8432	Page 5293 marked free but not in free list
2015-09-25 03:02:52.420 +0900	SAMPLE.fmp12	8432	Page 5294 marked free but not in free list
2015-09-25 03:02:52.420 +0900	SAMPLE.fmp12	8432	Page 5295 marked free but not in free list
2015-09-25 03:02:52.420 +0900	SAMPLE.fmp12	8432	Page 5296 marked free but not in free list
2015-09-25 03:02:52.420 +0900	SAMPLE.fmp12	8432	Page 5297 marked free but not in free list
2015-09-25 03:02:52.420 +0900	SAMPLE.fmp12	8432	Page 5298 marked free but not in free list
2015-09-25 03:02:52.420 +0900	SAMPLE.fmp12	8432	Page 5299 marked free but not in free list
2015-09-25 03:02:52.420 +0900	SAMPLE.fmp12	8432	Page 5300 marked free but not in free list
2015-09-25 03:02:52.420 +0900	SAMPLE.fmp12	8432	Page 5301 marked free but not in free list
2015-09-25 03:02:52.420 +0900	SAMPLE.fmp12	8432	Page 5302 marked free but not in free list
2015-09-25 03:02:52.420 +0900	SAMPLE.fmp12	8432	Page 5303 marked free but not in free list
2015-09-25 03:02:52.420 +0900	SAMPLE.fmp12	8432	Page 5304 marked free but not in free list
2015-09-25 03:02:52.420 +0900	SAMPLE.fmp12	8432	Page 5305 marked free but not in free list
2015-09-25 03:02:52.420 +0900	SAMPLE.fmp12	8432	Page 5306 marked free but not in free list
2015-09-25 03:02:52.420 +0900	SAMPLE.fmp12	8432	Page 5307 marked free but not in free list
2015-09-25 03:02:52.420 +0900	SAMPLE.fmp12	8432	Page 5308 marked free but not in free list
2015-09-25 03:02:52.420 +0900	SAMPLE.fmp12	8432	Page 5309 marked free but not in free list
2015-09-25 03:02:52.420 +0900	SAMPLE.fmp12	8432	Page 5310 marked free but not in free list
2015-09-25 03:02:52.420 +0900	SAMPLE.fmp12	8432	Page 5311 marked free but not in free list
2015-09-25 03:02:52.420 +0900	SAMPLE.fmp12	8432	Page 5312 marked free but not in free list
2015-09-25 03:02:52.420 +0900	SAMPLE.fmp12	8432	Page 5313 marked free but not in free list
2015-09-25 03:02:52.420 +0900	SAMPLE.fmp12	8432	Page 5314 marked free but not in free list
2015-09-25 03:02:52.420 +0900	SAMPLE.fmp12	8432	Page 5315 marked free but not in free list
2015-09-25 03:02:52.420 +0900	SAMPLE.fmp12	8432	Page 5316 marked free but not in free list
2015-09-25 03:02:52.420 +0900	SAMPLE.fmp12	8432	Page 5317 marked free but not in free list
2015-09-25 03:02:52.420 +0900	SAMPLE.fmp12	8432	Page 5318 marked free but not in free list
2015-09-25 03:02:52.420 +0900	SAMPLE.fmp12	8432	Page 5319 marked free but not in free list
2015-09-25 03:02:52.420 +0900	SAMPLE.fmp12	8432	Page 5320 marked free but not in free list
2015-09-25 03:02:52.420 +0900	SAMPLE.fmp12	8432	Page 5321 marked free but not in free list
2015-09-25 03:02:52.420 +0900	SAMPLE.fmp12	8432	Page 5322 marked free but not in free list
2015-09-25 03:02:52.420 +0900	SAMPLE.fmp12	8432	Page 5323 marked free but not in free list
2015-09-25 03:02:52.420 +0900	SAMPLE.fmp12	8432	Page 5324 marked free but not in free list
2015-09-25 03:02:52.420 +0900	SAMPLE.fmp12	8432	Page 5325 marked free but not in free list
2015-09-25 03:02:52.420 +0900	SAMPLE.fmp12	8432	Page 5326 marked free but not in free list
2015-09-25 03:02:52.420 +0900	SAMPLE.fmp12	8432	Page 5327 marked free but not in free list
2015-09-25 03:02:52.420 +0900	SAMPLE.fmp12	8432	Page 5328 marked free but not in free list
2015-09-25 03:02:52.420 +0900	SAMPLE.fmp12	8432	Page 5329 marked free but not in free list
2015-09-25 03:02:52.420 +0900	SAMPLE.fmp12	8432	Page 5330 marked free but not in free list
2015-09-25 03:02:52.420 +0900	SAMPLE.fmp12	8432	Page 5331 marked free but not in free list
2015-09-25 03:02:52.420 +0900	SAMPLE.fmp12	8432	Page 5332 marked free but not in free list
2015-09-25 03:02:52.420 +0900	SAMPLE.fmp12	8432	Page 5333 marked free but not in free list
2015-09-25 03:02:52.420 +0900	SAMPLE.fmp12	8432	Page 5334 marked free but not in free list
2015-09-25 03:02:52.420 +0900	SAMPLE.fmp12	8432	Page 5335 marked free but not in free list
2015-09-25 03:02:52.420 +0900	SAMPLE.fmp12	8432	Page 5336 marked free but not in free list
2015-09-25 03:02:52.420 +0900	SAMPLE.fmp12	8432	Page 5337 marked free but not in free list
2015-09-25 03:02:52.420 +0900	SAMPLE.fmp12	8432	Page 5338 marked free but not in free list
2015-09-25 03:02:52.420 +0900	SAMPLE.fmp12	8432	Page 5339 marked free but not in free list
2015-09-25 03:02:52.420 +0900	SAMPLE.fmp12	8432	Page 5340 marked free but not in free list
2015-09-25 03:02:52.420 +0900	SAMPLE.fmp12	8432	Page 5341 marked free but not in free list
2015-09-25 03:02:52.420 +0900	SAMPLE.fmp12	8432	Page 5342 marked free but not in free list
2015-09-25 03:02:52.420 +0900	SAMPLE.fmp12	8432	Page 5343 marked free but not in free list
2015-09-25 03:02:52.420 +0900	SAMPLE.fmp12	8432	Page 5344 marked free but not in free list
2015-09-25 03:02:52.420 +0900	SAMPLE.fmp12	8432	Page 5345 marked free but not in free list
2015-09-25 03:02:52.420 +0900	SAMPLE.fmp12	8432	Page 5346 marked free but not in free list
2015-09-25 03:02:52.420 +0900	SAMPLE.fmp12	8432	Page 5347 marked free but not in free list
2015-09-25 03:02:52.420 +0900	SAMPLE.fmp12	8432	Page 5348 marked free but not in free list
2015-09-25 03:02:52.420 +0900	SAMPLE.fmp12	8432	Page 5349 marked free but not in free list
2015-09-25 03:02:52.420 +0900	SAMPLE.fmp12	8432	Page 5350 marked free but not in free list
2015-09-25 03:02:52.420 +0900	SAMPLE.fmp12	8432	Page 5351 marked free but not in free list
2015-09-25 03:02:52.420 +0900	SAMPLE.fmp12	8432	Page 5352 marked free but not in free list
2015-09-25 03:02:52.420 +0900	SAMPLE.fmp12	8432	Page 5353 marked free but not in free list
2015-09-25 03:02:52.420 +0900	SAMPLE.fmp12	8432	Page 5354 marked free but not in free list
2015-09-25 03:02:52.420 +0900	SAMPLE.fmp12	8432	Page 5355 marked free but not in free list
2015-09-25 03:02:52.420 +0900	SAMPLE.fmp12	8432	Page 5356 marked free but not in free list
2015-09-25 03:02:52.420 +0900	SAMPLE.fmp12	8432	Page 5357 marked free but not in free list
2015-09-25 03:02:52.420 +0900	SAMPLE.fmp12	8432	Page 5358 marked free but not in free list
2015-09-25 03:02:52.420 +0900	SAMPLE.fmp12	8432	Page 5359 marked free but not in free list
2015-09-25 03:02:52.420 +0900	SAMPLE.fmp12	8432	Page 5360 marked free but not in free list
2015-09-25 03:02:52.420 +0900	SAMPLE.fmp12	8432	Page 5361 marked free but not in free list
2015-09-25 03:02:52.420 +0900	SAMPLE.fmp12	8432	Page 5362 marked free but not in free list
2015-09-25 03:02:52.420 +0900	SAMPLE.fmp12	8432	Page 5363 marked free but not in free list
2015-09-25 03:02:52.420 +0900	SAMPLE.fmp12	8432	Page 5364 marked free but not in free list
2015-09-25 03:02:52.420 +0900	SAMPLE.fmp12	8432	Page 5365 marked free but not in free list
2015-09-25 03:02:52.420 +0900	SAMPLE.fmp12	8432	Page 5366 marked free but not in free list
2015-09-25 03:02:52.420 +0900	SAMPLE.fmp12	8432	Page 5367 marked free but not in free list
2015-09-25 03:02:52.420 +0900	SAMPLE.fmp12	8432	Page 5368 marked free but not in free list
2015-09-25 03:02:52.420 +0900	SAMPLE.fmp12	8432	Page 5369 marked free but not in free list
2015-09-25 03:02:52.420 +0900	SAMPLE.fmp12	8432	Page 5370 marked free but not in free list
2015-09-25 03:02:52.420 +0900	SAMPLE.fmp12	8432	Page 5371 marked free but not in free list
2015-09-25 03:02:52.420 +0900	SAMPLE.fmp12	8432	Page 5372 marked free but not in free list
2015-09-25 03:02:52.420 +0900	SAMPLE.fmp12	8432	Page 5373 marked free but not in free list
2015-09-25 03:02:52.420 +0900	SAMPLE.fmp12	8432	Page 5374 marked free but not in free list
2015-09-25 03:02:52.420 +0900	SAMPLE.fmp12	8432	Page 5375 marked free but not in free list
2015-09-25 03:02:52.420 +0900	SAMPLE.fmp12	8432	Page 5376 marked free but not in free list
2015-09-25 03:02:52.420 +0900	SAMPLE.fmp12	8432	Page 5377 marked free but not in free list
2015-09-25 03:02:52.420 +0900	SAMPLE.fmp12	8432	Page 5378 marked free but not in free list
2015-09-25 03:02:52.420 +0900	SAMPLE.fmp12	8432	Page 5379 marked free but not in free list
2015-09-25 03:02:52.420 +0900	SAMPLE.fmp12	8432	Page 5380 marked free but not in free list
2015-09-25 03:02:52.420 +0900	SAMPLE.fmp12	8432	Page 5381 marked free but not in free list
2015-09-25 03:02:52.435 +0900	SAMPLE.fmp12	8432	Page 5382 marked free but not in free list
2015-09-25 03:02:52.435 +0900	SAMPLE.fmp12	8432	Page 5383 marked free but not in free list
2015-09-25 03:02:52.435 +0900	SAMPLE.fmp12	8432	Page 5384 marked free but not in free list
2015-09-25 03:02:52.435 +0900	SAMPLE.fmp12	8432	Page 5385 marked free but not in free list
2015-09-25 03:02:52.435 +0900	SAMPLE.fmp12	8432	Page 5386 marked free but not in free list
2015-09-25 03:02:52.435 +0900	SAMPLE.fmp12	8432	Page 5387 marked free but not in free list
2015-09-25 03:02:52.435 +0900	SAMPLE.fmp12	0	Reset maximum block sequence number to 9746866
2015-09-25 03:02:52.435 +0900	SAMPLE.fmp12	0	*** Completed consistency check, checked 5387 block(s)
